This is pdfTeX, Version 3.141592653-2.6-1.40.24 (TeX Live 2022/Debian) (preloaded format=pdflatex 2023.11.25)  3 JAN 2025 21:51
entering extended mode
 restricted \write18 enabled.
 %&-line parsing enabled.
**perfomix.latex
(./perfomix.latex
LaTeX2e <2022-11-01> patch level 1
L3 programming layer <2023-01-16>
(/usr/share/texlive/texmf-dist/tex/latex/base/article.cls
Document Class: article 2022/07/02 v1.4n Standard LaTeX document class
(/usr/share/texlive/texmf-dist/tex/latex/base/size10.clo
File: size10.clo 2022/07/02 v1.4n Standard LaTeX file (size option)
)
\c@part=\count185
\c@section=\count186
\c@subsection=\count187
\c@subsubsection=\count188
\c@paragraph=\count189
\c@subparagraph=\count190
\c@figure=\count191
\c@table=\count192
\abovecaptionskip=\skip48
\belowcaptionskip=\skip49
\bibindent=\dimen140
)
(/usr/share/texlive/texmf-dist/tex/latex/graphics/graphicx.sty
Package: graphicx 2021/09/16 v1.2d Enhanced LaTeX Graphics (DPC,SPQR)

(/usr/share/texlive/texmf-dist/tex/latex/graphics/keyval.sty
Package: keyval 2022/05/29 v1.15 key=value parser (DPC)
\KV@toks@=\toks16
)
(/usr/share/texlive/texmf-dist/tex/latex/graphics/graphics.sty
Package: graphics 2022/03/10 v1.4e Standard LaTeX Graphics (DPC,SPQR)

(/usr/share/texlive/texmf-dist/tex/latex/graphics/trig.sty
Package: trig 2021/08/11 v1.11 sin cos tan (DPC)
)
(/usr/share/texlive/texmf-dist/tex/latex/graphics-cfg/graphics.cfg
File: graphics.cfg 2016/06/04 v1.11 sample graphics configuration
)
Package graphics Info: Driver file: pdftex.def on input line 107.

(/usr/share/texlive/texmf-dist/tex/latex/graphics-def/pdftex.def
File: pdftex.def 2022/09/22 v1.2b Graphics/color driver for pdftex
))
\Gin@req@height=\dimen141
\Gin@req@width=\dimen142
)
(/usr/share/texlive/texmf-dist/tex/latex/geometry/geometry.sty
Package: geometry 2020/01/02 v5.9 Page Geometry

(/usr/share/texlive/texmf-dist/tex/generic/iftex/ifvtex.sty
Package: ifvtex 2019/10/25 v1.7 ifvtex legacy package. Use iftex instead.

(/usr/share/texlive/texmf-dist/tex/generic/iftex/iftex.sty
Package: iftex 2022/02/03 v1.0f TeX engine tests
))
\Gm@cnth=\count193
\Gm@cntv=\count194
\c@Gm@tempcnt=\count195
\Gm@bindingoffset=\dimen143
\Gm@wd@mp=\dimen144
\Gm@odd@mp=\dimen145
\Gm@even@mp=\dimen146
\Gm@layoutwidth=\dimen147
\Gm@layoutheight=\dimen148
\Gm@layouthoffset=\dimen149
\Gm@layoutvoffset=\dimen150
\Gm@dimlist=\toks17
)
(/usr/share/texlive/texmf-dist/tex/latex/fancyhdr/fancyhdr.sty
Package: fancyhdr 2022/11/09 v4.1 Extensive control of page headers and footers

\f@nch@headwidth=\skip50
\f@nch@O@elh=\skip51
\f@nch@O@erh=\skip52
\f@nch@O@olh=\skip53
\f@nch@O@orh=\skip54
\f@nch@O@elf=\skip55
\f@nch@O@erf=\skip56
\f@nch@O@olf=\skip57
\f@nch@O@orf=\skip58
)
(/usr/share/texlive/texmf-dist/tex/latex/l3backend/l3backend-pdftex.def
File: l3backend-pdftex.def 2023-01-16 L3 backend support: PDF output (pdfTeX)
\l__color_backend_stack_int=\count196
\l__pdf_internal_box=\box51
)

LaTeX Warning: Unused global option(s):
    [bottom].

No file perfomix.aux.
\openout1 = `perfomix.aux'.

LaTeX Font Info:    Checking defaults for OML/cmm/m/it on input line 8.
LaTeX Font Info:    ... okay on input line 8.
LaTeX Font Info:    Checking defaults for OMS/cmsy/m/n on input line 8.
LaTeX Font Info:    ... okay on input line 8.
LaTeX Font Info:    Checking defaults for OT1/cmr/m/n on input line 8.
LaTeX Font Info:    ... okay on input line 8.
LaTeX Font Info:    Checking defaults for T1/cmr/m/n on input line 8.
LaTeX Font Info:    ... okay on input line 8.
LaTeX Font Info:    Checking defaults for TS1/cmr/m/n on input line 8.
LaTeX Font Info:    ... okay on input line 8.
LaTeX Font Info:    Checking defaults for OMX/cmex/m/n on input line 8.
LaTeX Font Info:    ... okay on input line 8.
LaTeX Font Info:    Checking defaults for U/cmr/m/n on input line 8.
LaTeX Font Info:    ... okay on input line 8.
(/usr/share/texlive/texmf-dist/tex/context/base/mkii/supp-pdf.mkii
[Loading MPS to PDF converter (version 2006.09.02).]
\scratchcounter=\count197
\scratchdimen=\dimen151
\scratchbox=\box52
\nofMPsegments=\count198
\nofMParguments=\count199
\everyMPshowfont=\toks18
\MPscratchCnt=\count266
\MPscratchDim=\dimen152
\MPnumerator=\count267
\makeMPintoPDFobject=\count268
\everyMPtoPDFconversion=\toks19
) (/usr/share/texlive/texmf-dist/tex/latex/epstopdf-pkg/epstopdf-base.sty
Package: epstopdf-base 2020-01-24 v2.11 Base part for package epstopdf
Package epstopdf-base Info: Redefining graphics rule for `.eps' on input line 4
85.

(/usr/share/texlive/texmf-dist/tex/latex/latexconfig/epstopdf-sys.cfg
File: epstopdf-sys.cfg 2010/07/13 v1.3 Configuration of (r)epstopdf for TeX Liv
e
))
*geometry* driver: auto-detecting
*geometry* detected driver: pdftex
*geometry* verbose mode - [ preamble ] result:
* driver: pdftex
* paper: a4paper
* layout: <same size as paper>
* layoutoffset:(h,v)=(0.0pt,0.0pt)
* modes: landscape 
* h-part:(L,W,R)=(28.45274pt, 788.14136pt, 28.45274pt)
* v-part:(T,H,B)=(28.45274pt, 512.14963pt, 56.9055pt)
* \paperwidth=845.04684pt
* \paperheight=597.50787pt
* \textwidth=788.14136pt
* \textheight=512.14963pt
* \oddsidemargin=-43.81725pt
* \evensidemargin=-43.81725pt
* \topmargin=-80.81725pt
* \headheight=12.0pt
* \headsep=25.0pt
* \topskip=10.0pt
* \footskip=30.0pt
* \marginparwidth=144.0pt
* \marginparsep=11.0pt
* \columnsep=10.0pt
* \skip\footins=9.0pt plus 4.0pt minus 2.0pt
* \hoffset=0.0pt
* \voffset=0.0pt
* \mag=1000
* \@twocolumnfalse
* \@twosidefalse
* \@mparswitchfalse
* \@reversemarginfalse
* (1in=72.27pt=25.4mm, 1cm=28.453pt)

<perfomix_screens-01.png, id=1, 599.99156pt x 361.35pt>
File: perfomix_screens-01.png Graphic file (type png)
<use perfomix_screens-01.png>
Package pdftex.def Info: perfomix_screens-01.png  used on input line 61.
(pdftex.def)             Requested size: 566.92178pt x 341.43306pt.

Overfull \hbox (15.22525pt too wide) in paragraph at lines 61--61
[][] 
 []

LaTeX Font Info:    External font `cmex10' loaded for size
(Font)              <7> on input line 61.
LaTeX Font Info:    External font `cmex10' loaded for size
(Font)              <5> on input line 61.

Underfull \hbox (badness 2932) in paragraph at lines 61--61
[]\OT1/cmss/m/n/12 Start or stop the build-up (and/or
 []

<perfomix_screens-02.png, id=2, 599.99156pt x 361.35pt>
File: perfomix_screens-02.png Graphic file (type png)
<use perfomix_screens-02.png>
Package pdftex.def Info: perfomix_screens-02.png  used on input line 77.
(pdftex.def)             Requested size: 566.92178pt x 341.43306pt.

Overfull \hbox (15.22525pt too wide) in paragraph at lines 77--77
[][] 
 []

[1

{/var/lib/texmf/fonts/map/pdftex/updmap/pdftex.map} <./perfomix_screens-01.png 
(PNG copy)>]
<perfomix_screens-03.png, id=10, 599.99156pt x 361.35pt>
File: perfomix_screens-03.png Graphic file (type png)
<use perfomix_screens-03.png>
Package pdftex.def Info: perfomix_screens-03.png  used on input line 94.
(pdftex.def)             Requested size: 566.92178pt x 341.43306pt.

Overfull \hbox (15.22525pt too wide) in paragraph at lines 94--94
[][] 
 []

[2 <./perfomix_screens-02.png (PNG copy)>]
<perfomix_screens-04.png, id=14, 599.99156pt x 361.35pt>
File: perfomix_screens-04.png Graphic file (type png)
<use perfomix_screens-04.png>
Package pdftex.def Info: perfomix_screens-04.png  used on input line 113.
(pdftex.def)             Requested size: 566.92178pt x 341.43306pt.

Overfull \hbox (15.22525pt too wide) in paragraph at lines 113--113
[][] 
 []


Underfull \hbox (badness 1616) in paragraph at lines 113--113
[]\OT1/cmss/m/n/12 Length of build-up se-quence in 1/4
 []

[3 <./perfomix_screens-03.png (PNG copy)>]
<perfomix_screens-05.png, id=18, 599.99156pt x 361.35pt>
File: perfomix_screens-05.png Graphic file (type png)
<use perfomix_screens-05.png>
Package pdftex.def Info: perfomix_screens-05.png  used on input line 132.
(pdftex.def)             Requested size: 566.92178pt x 341.43306pt.

Overfull \hbox (15.22525pt too wide) in paragraph at lines 132--132
[][] 
 []

[4 <./perfomix_screens-04.png (PNG copy)>]
<perfomix_screens-06.png, id=23, 599.99156pt x 361.35pt>
File: perfomix_screens-06.png Graphic file (type png)
<use perfomix_screens-06.png>
Package pdftex.def Info: perfomix_screens-06.png  used on input line 148.
(pdftex.def)             Requested size: 566.92178pt x 341.43306pt.

Overfull \hbox (15.22525pt too wide) in paragraph at lines 148--148
[][] 
 []

[5 <./perfomix_screens-05.png (PNG copy)>]
<perfomix_screens-07.png, id=27, 599.99156pt x 361.35pt>
File: perfomix_screens-07.png Graphic file (type png)
<use perfomix_screens-07.png>
Package pdftex.def Info: perfomix_screens-07.png  used on input line 163.
(pdftex.def)             Requested size: 566.92178pt x 341.43306pt.

Overfull \hbox (15.22525pt too wide) in paragraph at lines 163--163
[][] 
 []

[6 <./perfomix_screens-06.png (PNG copy)>]
<perfomix_screens-08.png, id=31, 599.99156pt x 361.35pt>
File: perfomix_screens-08.png Graphic file (type png)
<use perfomix_screens-08.png>
Package pdftex.def Info: perfomix_screens-08.png  used on input line 181.
(pdftex.def)             Requested size: 566.92178pt x 341.43306pt.

Overfull \hbox (15.22525pt too wide) in paragraph at lines 181--181
[][] 
 []

[7 <./perfomix_screens-07.png (PNG copy)>]
<perfomix_screens-09.png, id=36, 599.99156pt x 361.35pt>
File: perfomix_screens-09.png Graphic file (type png)
<use perfomix_screens-09.png>
Package pdftex.def Info: perfomix_screens-09.png  used on input line 199.
(pdftex.def)             Requested size: 566.92178pt x 341.43306pt.

Overfull \hbox (15.22525pt too wide) in paragraph at lines 199--199
[][] 
 []


Underfull \hbox (badness 2884) in paragraph at lines 199--199
[]\OT1/cmss/m/n/12 Linearity of the dis-tor-tion thresh-old
 []

[8 <./perfomix_screens-08.png (PNG copy)>]
<perfomix_screens-10.png, id=40, 599.99156pt x 361.35pt>
File: perfomix_screens-10.png Graphic file (type png)
<use perfomix_screens-10.png>
Package pdftex.def Info: perfomix_screens-10.png  used on input line 217.
(pdftex.def)             Requested size: 566.92178pt x 341.43306pt.

Overfull \hbox (15.22525pt too wide) in paragraph at lines 217--217
[][] 
 []

[9 <./perfomix_screens-09.png (PNG copy)>]
<perfomix_screens-11.png, id=44, 599.99156pt x 361.35pt>
File: perfomix_screens-11.png Graphic file (type png)
<use perfomix_screens-11.png>
Package pdftex.def Info: perfomix_screens-11.png  used on input line 232.
(pdftex.def)             Requested size: 566.92178pt x 341.43306pt.

Overfull \hbox (15.22525pt too wide) in paragraph at lines 232--232
[][] 
 []

[10 <./perfomix_screens-10.png (PNG copy)>]
<perfomix_screens-12.png, id=48, 599.99156pt x 361.35pt>
File: perfomix_screens-12.png Graphic file (type png)
<use perfomix_screens-12.png>
Package pdftex.def Info: perfomix_screens-12.png  used on input line 250.
(pdftex.def)             Requested size: 566.92178pt x 341.43306pt.

Overfull \hbox (15.22525pt too wide) in paragraph at lines 250--250
[][] 
 []

[11 <./perfomix_screens-11.png (PNG copy)>]
<perfomix_screens-13.png, id=52, 599.99156pt x 361.35pt>
File: perfomix_screens-13.png Graphic file (type png)
<use perfomix_screens-13.png>
Package pdftex.def Info: perfomix_screens-13.png  used on input line 262.
(pdftex.def)             Requested size: 566.92178pt x 341.43306pt.

Overfull \hbox (15.22525pt too wide) in paragraph at lines 262--262
[][] 
 []

[12 <./perfomix_screens-12.png (PNG copy)>]
<perfomix_screens-14.png, id=56, 599.99156pt x 361.35pt>
File: perfomix_screens-14.png Graphic file (type png)
<use perfomix_screens-14.png>
Package pdftex.def Info: perfomix_screens-14.png  used on input line 280.
(pdftex.def)             Requested size: 566.92178pt x 341.43306pt.

Overfull \hbox (15.22525pt too wide) in paragraph at lines 280--280
[][] 
 []

[13 <./perfomix_screens-13.png (PNG copy)>]
<perfomix_screens-15.png, id=61, 599.99156pt x 361.35pt>
File: perfomix_screens-15.png Graphic file (type png)
<use perfomix_screens-15.png>
Package pdftex.def Info: perfomix_screens-15.png  used on input line 297.
(pdftex.def)             Requested size: 566.92178pt x 341.43306pt.

Overfull \hbox (15.22525pt too wide) in paragraph at lines 297--297
[][] 
 []

[14 <./perfomix_screens-14.png (PNG copy)>]
<perfomix_screens-16.png, id=65, 599.99156pt x 361.35pt>
File: perfomix_screens-16.png Graphic file (type png)
<use perfomix_screens-16.png>
Package pdftex.def Info: perfomix_screens-16.png  used on input line 314.
(pdftex.def)             Requested size: 566.92178pt x 341.43306pt.

Overfull \hbox (15.22525pt too wide) in paragraph at lines 314--314
[][] 
 []

[15 <./perfomix_screens-15.png (PNG copy)>]
<perfomix_screens-17.png, id=69, 599.99156pt x 361.35pt>
File: perfomix_screens-17.png Graphic file (type png)
<use perfomix_screens-17.png>
Package pdftex.def Info: perfomix_screens-17.png  used on input line 330.
(pdftex.def)             Requested size: 566.92178pt x 341.43306pt.

Overfull \hbox (15.22525pt too wide) in paragraph at lines 330--330
[][] 
 []

[16 <./perfomix_screens-16.png (PNG copy)>]
<perfomix_screens-18.png, id=73, 599.99156pt x 361.35pt>
File: perfomix_screens-18.png Graphic file (type png)
<use perfomix_screens-18.png>
Package pdftex.def Info: perfomix_screens-18.png  used on input line 345.
(pdftex.def)             Requested size: 566.92178pt x 341.43306pt.

Overfull \hbox (15.22525pt too wide) in paragraph at lines 345--345
[][] 
 []

[17 <./perfomix_screens-17.png (PNG copy)>]
<perfomix_screens-19.png, id=77, 599.99156pt x 361.35pt>
File: perfomix_screens-19.png Graphic file (type png)
<use perfomix_screens-19.png>
Package pdftex.def Info: perfomix_screens-19.png  used on input line 362.
(pdftex.def)             Requested size: 566.92178pt x 341.43306pt.

Overfull \hbox (15.22525pt too wide) in paragraph at lines 362--362
[][] 
 []


Underfull \hbox (badness 1990) in paragraph at lines 362--362
[]\OT1/cmss/m/n/12 Amount of fre-quency change dur-ing
 []

[18 <./perfomix_screens-18.png (PNG copy)>]
<perfomix_screens-20.png, id=81, 599.99156pt x 361.35pt>
File: perfomix_screens-20.png Graphic file (type png)
<use perfomix_screens-20.png>
Package pdftex.def Info: perfomix_screens-20.png  used on input line 380.
(pdftex.def)             Requested size: 566.92178pt x 341.43306pt.

Overfull \hbox (15.22525pt too wide) in paragraph at lines 380--380
[][] 
 []

[19 <./perfomix_screens-19.png (PNG copy)>]
<perfomix_screens-21.png, id=86, 599.99156pt x 361.35pt>
File: perfomix_screens-21.png Graphic file (type png)
<use perfomix_screens-21.png>
Package pdftex.def Info: perfomix_screens-21.png  used on input line 397.
(pdftex.def)             Requested size: 566.92178pt x 341.43306pt.

Overfull \hbox (15.22525pt too wide) in paragraph at lines 397--397
[][] 
 []


Underfull \hbox (badness 1990) in paragraph at lines 397--397
[]\OT1/cmss/m/n/12 Amount of fre-quency change dur-ing
 []

[20 <./perfomix_screens-20.png (PNG copy)>]
<perfomix_screens-22.png, id=90, 599.99156pt x 361.35pt>
File: perfomix_screens-22.png Graphic file (type png)
<use perfomix_screens-22.png>
Package pdftex.def Info: perfomix_screens-22.png  used on input line 415.
(pdftex.def)             Requested size: 566.92178pt x 341.43306pt.

Overfull \hbox (15.22525pt too wide) in paragraph at lines 415--415
[][] 
 []

[21 <./perfomix_screens-21.png (PNG copy)>]
<perfomix_screens-23.png, id=94, 599.99156pt x 361.35pt>
File: perfomix_screens-23.png Graphic file (type png)
<use perfomix_screens-23.png>
Package pdftex.def Info: perfomix_screens-23.png  used on input line 432.
(pdftex.def)             Requested size: 566.92178pt x 341.43306pt.

Overfull \hbox (15.22525pt too wide) in paragraph at lines 432--432
[][] 
 []


Underfull \hbox (badness 1990) in paragraph at lines 432--432
[]\OT1/cmss/m/n/12 Amount of fre-quency change dur-ing
 []

[22 <./perfomix_screens-22.png (PNG copy)>]
<perfomix_screens-24.png, id=98, 599.99156pt x 361.35pt>
File: perfomix_screens-24.png Graphic file (type png)
<use perfomix_screens-24.png>
Package pdftex.def Info: perfomix_screens-24.png  used on input line 450.
(pdftex.def)             Requested size: 566.92178pt x 341.43306pt.

Overfull \hbox (15.22525pt too wide) in paragraph at lines 450--450
[][] 
 []

[23 <./perfomix_screens-23.png (PNG copy)>]
<perfomix_screens-25.png, id=102, 599.99156pt x 361.35pt>
File: perfomix_screens-25.png Graphic file (type png)
<use perfomix_screens-25.png>
Package pdftex.def Info: perfomix_screens-25.png  used on input line 467.
(pdftex.def)             Requested size: 566.92178pt x 341.43306pt.

Overfull \hbox (15.22525pt too wide) in paragraph at lines 467--467
[][] 
 []


Underfull \hbox (badness 1990) in paragraph at lines 467--467
[]\OT1/cmss/m/n/12 Amount of fre-quency change dur-ing
 []

[24 <./perfomix_screens-24.png (PNG copy)>]
<perfomix_screens-26.png, id=106, 599.99156pt x 361.35pt>
File: perfomix_screens-26.png Graphic file (type png)
<use perfomix_screens-26.png>
Package pdftex.def Info: perfomix_screens-26.png  used on input line 485.
(pdftex.def)             Requested size: 566.92178pt x 341.43306pt.

Overfull \hbox (15.22525pt too wide) in paragraph at lines 485--485
[][] 
 []

[25 <./perfomix_screens-25.png (PNG copy)>]
<perfomix_screens-27.png, id=111, 599.99156pt x 361.35pt>
File: perfomix_screens-27.png Graphic file (type png)
<use perfomix_screens-27.png>
Package pdftex.def Info: perfomix_screens-27.png  used on input line 501.
(pdftex.def)             Requested size: 566.92178pt x 341.43306pt.

Overfull \hbox (15.22525pt too wide) in paragraph at lines 501--501
[][] 
 []


Underfull \hbox (badness 4608) in paragraph at lines 501--501
[]\OT1/cmss/m/n/12 Maximum feed-back amount of the
 []

[26 <./perfomix_screens-26.png (PNG copy)>]
<perfomix_screens-28.png, id=115, 599.99156pt x 361.35pt>
File: perfomix_screens-28.png Graphic file (type png)
<use perfomix_screens-28.png>
Package pdftex.def Info: perfomix_screens-28.png  used on input line 518.
(pdftex.def)             Requested size: 566.92178pt x 341.43306pt.

Overfull \hbox (15.22525pt too wide) in paragraph at lines 518--518
[][] 
 []


Underfull \hbox (badness 1242) in paragraph at lines 518--518
\OT1/cmss/m/n/12 Changes from 0 to max-i-mum depth
 []

[27 <./perfomix_screens-27.png (PNG copy)>]
<perfomix_screens-29.png, id=119, 599.99156pt x 361.35pt>
File: perfomix_screens-29.png Graphic file (type png)
<use perfomix_screens-29.png>
Package pdftex.def Info: perfomix_screens-29.png  used on input line 534.
(pdftex.def)             Requested size: 566.92178pt x 341.43306pt.

Overfull \hbox (15.22525pt too wide) in paragraph at lines 534--534
[][] 
 []

[28 <./perfomix_screens-28.png (PNG copy)>]
<perfomix_screens-30.png, id=123, 599.99156pt x 361.35pt>
File: perfomix_screens-30.png Graphic file (type png)
<use perfomix_screens-30.png>
Package pdftex.def Info: perfomix_screens-30.png  used on input line 553.
(pdftex.def)             Requested size: 566.92178pt x 341.43306pt.

Overfull \hbox (15.22525pt too wide) in paragraph at lines 553--553
[][] 
 []


Underfull \hbox (badness 2744) in paragraph at lines 553--553
[]\OT1/cmss/m/n/12 Influence onto de-lay amount dur-ing
 []

[29 <./perfomix_screens-29.png (PNG copy)>]
<perfomix_screens-31.png, id=127, 599.99156pt x 361.35pt>
File: perfomix_screens-31.png Graphic file (type png)
<use perfomix_screens-31.png>
Package pdftex.def Info: perfomix_screens-31.png  used on input line 572.
(pdftex.def)             Requested size: 566.92178pt x 341.43306pt.

Overfull \hbox (15.22525pt too wide) in paragraph at lines 572--572
[][] 
 []


Underfull \hbox (badness 1057) in paragraph at lines 572--572
[]\OT1/cmss/m/n/12 Linearity of the feed-back mod-u-la-tion
 []

[30 <./perfomix_screens-30.png (PNG copy)>]
<perfomix_screens-32.png, id=131, 599.99156pt x 361.35pt>
File: perfomix_screens-32.png Graphic file (type png)
<use perfomix_screens-32.png>
Package pdftex.def Info: perfomix_screens-32.png  used on input line 587.
(pdftex.def)             Requested size: 566.92178pt x 341.43306pt.

Overfull \hbox (15.22525pt too wide) in paragraph at lines 587--587
[][] 
 []

[31 <./perfomix_screens-31.png (PNG copy)>]
<perfomix_screens-33.png, id=136, 599.99156pt x 361.35pt>
File: perfomix_screens-33.png Graphic file (type png)
<use perfomix_screens-33.png>
Package pdftex.def Info: perfomix_screens-33.png  used on input line 603.
(pdftex.def)             Requested size: 566.92178pt x 341.43306pt.

Overfull \hbox (15.22525pt too wide) in paragraph at lines 603--603
[][] 
 []

[32 <./perfomix_screens-32.png (PNG copy)>]
<perfomix_screens-34.png, id=140, 599.99156pt x 361.35pt>
File: perfomix_screens-34.png Graphic file (type png)
<use perfomix_screens-34.png>
Package pdftex.def Info: perfomix_screens-34.png  used on input line 620.
(pdftex.def)             Requested size: 566.92178pt x 341.43306pt.

Overfull \hbox (15.22525pt too wide) in paragraph at lines 620--620
[][] 
 []

[33 <./perfomix_screens-33.png (PNG copy)>]
<perfomix_screens-35.png, id=144, 599.99156pt x 361.35pt>
File: perfomix_screens-35.png Graphic file (type png)
<use perfomix_screens-35.png>
Package pdftex.def Info: perfomix_screens-35.png  used on input line 635.
(pdftex.def)             Requested size: 566.92178pt x 341.43306pt.

Overfull \hbox (15.22525pt too wide) in paragraph at lines 635--635
[][] 
 []

[34 <./perfomix_screens-34.png (PNG copy)>] [35 <./perfomix_screens-35.png (PNG
 copy)>] (./perfomix.aux) ) 
Here is how much of TeX's memory you used:
 2281 strings out of 478051
 39453 string characters out of 5840942
 1853330 words of memory out of 5000000
 22406 multiletter control sequences out of 15000+600000
 513193 words of font info for 35 fonts, out of 8000000 for 9000
 14 hyphenation exceptions out of 8191
 57i,6n,62p,208b,213s stack positions out of 10000i,1000n,20000p,200000b,200000s
</usr/share/texlive/texmf-dist/fonts/type1/public/am
sfonts/cm/cmss10.pfb></usr/share/texlive/texmf-dist/fonts/type1/public/amsfonts
/cm/cmss12.pfb></usr/share/texlive/texmf-dist/fonts/type1/public/amsfonts/cm/cm
ssbx10.pfb>
Output written on perfomix.pdf (35 pages, 4688911 bytes).
PDF statistics:
 166 PDF objects out of 1000 (max. 8388607)
 87 compressed objects within 1 object stream
 0 named destinations out of 1000 (max. 500000)
 176 words of extra memory for PDF output out of 10000 (max. 10000000)

